
ROM used:   54/2048 (3%)
            54/2048 (3%) including unused fragments

            0.1 Average locations per line
            9.0 Average locations per statement

RAM used:   6/224 (3%) at main() level
            7/224 (3%) worst case

Stack used: 0 worst case (0 in main + 0 for interrupts)
Stack size: 8

Lines Stmts  %   Files
----- ----- ---  -----
   78     6 100  Código Pisca LED.c
  508     0   0  ..\..\..\..\..\..\..\..\..\Program Files (x86)\PICC\devices\16F628a.h
----- -----
  586     6 Total

Page ROM  %  RAM   Vol Diff  Functions:
---- --- --- ---   --- ----  ----------
0     21  39    1             @delay_ms1
0     29  54    1    86  1.6  main
 Inline         0             @cinit1

Program metrics:
    Functions               1
    Statements              6
    Comments                106
    Volume (V)              90
    Difficulty (D)          1.4
    Effort to implement (E) 125
    Time to implement (T)   0 minutes
    Est Delivered Bugs (B)  0
    Cyclomatic Complexity   1
    Maintainability (MI)    106

 Segment     Used  Free
-----------  ----  ----
00000-00003     4  0  
00004-007FF    50  1994  



