
ROM used:   40/7936 (1%)
            40/7936 (1%) including unused fragments

            0.0 Average locations per line
            3.3 Average locations per statement

RAM used:   6/357 (2%) at main() level
            6/357 (2%) worst case

Stack used: 0 worst case (0 in main + 0 for interrupts)
Stack size: 7

Lines Stmts  %   Files
----- ----- ---  -----
   54    12 100  Contador Borda Descida.c
  661     0   0  ..\..\..\..\..\..\..\..\..\Program Files (x86)\PICC\devices\16F877A.h
  399     0   0  reg_16f.h
----- -----
 1114    12 Total

Page ROM  %  RAM   Vol Diff  Functions:
---- --- --- ---   --- ----  ----------
0     36  90    1   259  4.1  main
 Inline         0             @cinit1

Program metrics:
    Functions               1
    Statements              12
    Comments                197
    Volume (V)              262
    Difficulty (D)          4.0
    Effort to implement (E) 1041
    Time to implement (T)   1 minutes
    Est Delivered Bugs (B)  0
    Cyclomatic Complexity   1
    Maintainability (MI)    114

 Segment     Used  Free
-----------  ----  ----
00000-00003     4  0  
00004-007FF    36  2008  
00800-00FFF     0  2048  
01000-017FF     0  2048  
01800-01EFF     0  1792  



